*** Using Compiler 'V5.06 update 4 (build 422)', folder: 'C:\works\Keil_v5\ARM\ARMCC\Bin'
Rebuild target 'STM32F407VE'
compiling stm32f4xx_it.c...
compiling KeyLed.c...
compiling system_stm32f4xx.c...
compiling delay.c...
compiling main.c...
User\main.c(132): warning:  #128-D: loop is not reachable
  	while (1)
User\main.c: 1 warning, 0 errors
compiling stdout_user.c...
compiling BTModule.c...
compiling MotorController.c...
compiling amt1450_uart.c...
compiling tcrt5000.c...
compiling MotorDriver.c...
assembling startup_stm32f40_41xxx.s...
compiling DFS_Map.c...
compiling PID.c...
User\PID.c(356): warning:  #550-D: variable "crossing_flag"  was set but never used
  	int crossing_flag = 0;
User\PID.c: 1 warning, 0 errors
compiling NanoCommunication.c...
compiling ArmSolution.c...
User\ArmSolution.c(220): warning:  #223-D: function "printf" declared implicitly
  			printf("解算错误\n");
User\ArmSolution.c(239): warning:  #223-D: function "printf" declared implicitly
  			printf("解算错误\n");
User\ArmSolution.c(321): warning:  #223-D: function "printf" declared implicitly
  	printf("抓取完一个\n");
User\ArmSolution.c: 3 warnings, 0 errors
compiling stm32f4xx_rcc.c...
Libraries\STM32F4xx_StdPeriph_Driver\src\stm32f4xx_rcc.c(3192): error: At end of source:  #5: cannot open source input file ".\objects\stm32f4xx_rcc.crf": Invalid argument
Libraries\STM32F4xx_StdPeriph_Driver\src\stm32f4xx_rcc.c: 0 warnings, 1 error
compiling stm32f4xx_adc.c...
compiling stm32f4xx_usart.c...
compiling stm32f4xx_gpio.c...
compiling misc.c...
compiling stm32f4xx_i2c.c...
compiling retarget_io.c...
compiling stm32f4xx_dma.c...
compiling stm32f4xx_tim.c...
compiling stm32f4xx_dcmi.c...
".\Objects\STM32F407VE.axf" - 1 Error(s), 5 Warning(s).
Target not created.
Build Time Elapsed:  00:00:04
